<?xml version="1.0" encoding="UTF-8"?>
<!-- Generated by org.testng.reporters.JUnitReportReporter -->
<testsuite skipped="0" hostname="DESKTOP-ECJ8H0M" name="testpackage.TestClass" tests="1" failures="0" timestamp="2021-10-09T16:43:29 IST" time="0.005" errors="0">
  <testcase name="testmethod" time="0.005" classname="testpackage.TestClass"/>
  <system-out/>
</testsuite> <!-- testpackage.TestClass -->
