<?xml version="1.0" encoding="UTF-8"?>
<!-- Generated by org.testng.reporters.JUnitReportReporter -->
<testsuite skipped="0" hostname="DESKTOP-ECJ8H0M" name="mavenProfiling.TestngPractise2.MobileTest" tests="2" failures="0" timestamp="2021-10-09T16:42:36 IST" time="0.002" errors="0">
  <testcase name="mobileTestScenario2" time="0.001" classname="mavenProfiling.TestngPractise2.MobileTest"/>
  <system-out/>
  <testcase name="mobileTestScenario1" time="0.001" classname="mavenProfiling.TestngPractise2.MobileTest"/>
  <system-out/>
</testsuite> <!-- mavenProfiling.TestngPractise2.MobileTest -->
