<?xml version="1.0" encoding="UTF-8"?>
<!-- Generated by org.testng.reporters.JUnitReportReporter -->
<testsuite skipped="0" hostname="DESKTOP-ECJ8H0M" name="mavenProfiling.TestngPractise2.WebT" tests="2" failures="0" timestamp="2021-10-09T16:42:36 IST" time="0.006" errors="0">
  <testcase name="webTestScenario1" time="0.005" classname="mavenProfiling.TestngPractise2.WebT"/>
  <system-out/>
  <testcase name="webTestScenario2" time="0.001" classname="mavenProfiling.TestngPractise2.WebT"/>
  <system-out/>
</testsuite> <!-- mavenProfiling.TestngPractise2.WebT -->
