<?xml version="1.0" encoding="UTF-8"?>
<!-- Generated by org.testng.reporters.JUnitReportReporter -->
<testsuite skipped="0" hostname="DESKTOP-ECJ8H0M" name="mavenProfiling.TestngPractise2.RestApiTest" tests="2" failures="0" timestamp="2021-10-09T16:42:36 IST" time="0.002" errors="0">
  <testcase name="APITestScenario2" time="0.000" classname="mavenProfiling.TestngPractise2.RestApiTest"/>
  <system-out/>
  <testcase name="ApiTestScenario1" time="0.002" classname="mavenProfiling.TestngPractise2.RestApiTest"/>
  <system-out/>
</testsuite> <!-- mavenProfiling.TestngPractise2.RestApiTest -->
