<?xml version="1.0" encoding="UTF-8"?>
<!-- Generated by org.testng.reporters.JUnitReportReporter -->
<testsuite skipped="0" hostname="DESKTOP-ECJ8H0M" name="mavenProfiling.TestngPractise2.WebTest" tests="2" failures="0" timestamp="2021-10-09T14:04:04 IST" time="0.013" errors="0">
  <testcase name="webTestScenario2" time="0.002" classname="mavenProfiling.TestngPractise2.WebTest"/>
  <system-out/>
  <testcase name="webTestScenario1" time="0.011" classname="mavenProfiling.TestngPractise2.WebTest"/>
  <system-out/>
</testsuite> <!-- mavenProfiling.TestngPractise2.WebTest -->
